[debug] [2020-03-17T18:44:15.868Z] ----------------------------------------------------------------------
[debug] [2020-03-17T18:44:15.871Z] Command:       /usr/local/bin/node /usr/local/bin/firebase serve
[debug] [2020-03-17T18:44:15.871Z] CLI Version:   7.14.0
[debug] [2020-03-17T18:44:15.871Z] Platform:      darwin
[debug] [2020-03-17T18:44:15.871Z] Node Version:  v10.15.1
[debug] [2020-03-17T18:44:15.872Z] Time:          Tue Mar 17 2020 13:44:15 GMT-0500 (Central Daylight Time)
[debug] [2020-03-17T18:44:15.872Z] ----------------------------------------------------------------------
[debug] [2020-03-17T18:44:15.872Z] 
[debug] [2020-03-17T18:44:15.884Z] > command requires scopes: ["email","openid","https://www.googleapis.com/auth/cloudplatformprojects.readonly","https://www.googleapis.com/auth/firebase","https://www.googleapis.com/auth/cloud-platform"]
[debug] [2020-03-17T18:44:15.885Z] > authorizing via signed-in user
[debug] [2020-03-17T18:44:15.885Z] [iam] checking project ptrchoi-email-database for permissions ["firebase.projects.get"]
[debug] [2020-03-17T18:44:15.887Z] >>> HTTP REQUEST POST https://cloudresourcemanager.googleapis.com/v1/projects/ptrchoi-email-database:testIamPermissions  

[debug] [2020-03-17T18:44:16.135Z] <<< HTTP RESPONSE 200
[debug] [2020-03-17T18:44:16.136Z] >>> HTTP REQUEST GET https://firebase.googleapis.com/v1beta1/projects/ptrchoi-email-database  
 
[debug] [2020-03-17T18:44:16.393Z] <<< HTTP RESPONSE 200
[info] 
[info] === Serving from '/Users/mbp2016/Desktop/Work/portfolio-website/ptrchoi/portfolio'...
[info] 
[debug] [2020-03-17T18:44:16.397Z] >>> HTTP REQUEST GET https://firebase.googleapis.com/v1beta1/projects/ptrchoi-email-database/webApps/-/config  
 
[debug] [2020-03-17T18:44:16.670Z] <<< HTTP RESPONSE 200
[info] i  hosting[ptrchoi]: Serving hosting files from: build
[info] ✔  hosting[ptrchoi]: Local server: http://localhost:5000
